# JRE version: OpenJDK Runtime Environment (8.0_252-b09) (build 1.8.0_252-8u252-b09-1ubuntu1-b09)
# Java VM: OpenJDK 64-Bit Server VM (25.252-b09 mixed mode linux-amd64 compressed oops)
Heap:
 PSYoungGen      total 162304K, used 104489K [0x00000000f5580000, 0x0000000100000000, 0x0000000100000000)
  eden space 152064K, 62% used [0x00000000f5580000,0x00000000fb243b60,0x00000000fea00000)
  from space 10240K, 92% used [0x00000000ff580000,0x00000000ffec6ad8,0x00000000fff80000)
  to   space 11264K, 0% used [0x00000000fea00000,0x00000000fea00000,0x00000000ff500000)
 ParOldGen       total 336384K, used 289552K [0x00000000e0000000, 0x00000000f4880000, 0x00000000f5580000)
  object space 336384K, 86% used [0x00000000e0000000,0x00000000f1ac4178,0x00000000f4880000)
 Metaspace       used 97734K, capacity 102466K, committed 102696K, reserved 1138688K
  class space    used 12560K, capacity 13586K, committed 13616K, reserved 1048576K
GC Heap History (10 events):
Event: 70,654 GC heap before
{Heap before GC invocations=74 (full 4):
 PSYoungGen      total 161792K, used 153317K [0x00000000f5580000, 0x0000000100000000, 0x0000000100000000)
  eden space 149504K, 100% used [0x00000000f5580000,0x00000000fe780000,0x00000000fe780000)
  from space 12288K, 31% used [0x00000000fe780000,0x00000000feb39548,0x00000000ff380000)
  to   space 12288K, 0% used [0x00000000ff400000,0x00000000ff400000,0x0000000100000000)
 ParOldGen       total 336384K, used 273421K [0x00000000e0000000, 0x00000000f4880000, 0x00000000f5580000)
  object space 336384K, 81% used [0x00000000e0000000,0x00000000f0b036e0,0x00000000f4880000)
 Metaspace       used 97340K, capacity 102018K, committed 102184K, reserved 1138688K
  class space    used 12508K, capacity 13518K, committed 13616K, reserved 1048576K
Event: 70,685 GC heap after
Heap after GC invocations=74 (full 4):
 PSYoungGen      total 161280K, used 5673K [0x00000000f5580000, 0x00000000fff00000, 0x0000000100000000)
  eden space 150016K, 0% used [0x00000000f5580000,0x00000000f5580000,0x00000000fe800000)
  from space 11264K, 50% used [0x00000000ff400000,0x00000000ff98a410,0x00000000fff00000)
  to   space 11776K, 0% used [0x00000000fe800000,0x00000000fe800000,0x00000000ff380000)
 ParOldGen       total 336384K, used 276329K [0x00000000e0000000, 0x00000000f4880000, 0x00000000f5580000)
  object space 336384K, 82% used [0x00000000e0000000,0x00000000f0dda488,0x00000000f4880000)
 Metaspace       used 97340K, capacity 102018K, committed 102184K, reserved 1138688K
  class space    used 12508K, capacity 13518K, committed 13616K, reserved 1048576K
}
Event: 71,069 GC heap before
{Heap before GC invocations=75 (full 4):
 PSYoungGen      total 161280K, used 155689K [0x00000000f5580000, 0x00000000fff00000, 0x0000000100000000)
  eden space 150016K, 100% used [0x00000000f5580000,0x00000000fe800000,0x00000000fe800000)
  from space 11264K, 50% used [0x00000000ff400000,0x00000000ff98a410,0x00000000fff00000)
  to   space 11776K, 0% used [0x00000000fe800000,0x00000000fe800000,0x00000000ff380000)
 ParOldGen       total 336384K, used 276329K [0x00000000e0000000, 0x00000000f4880000, 0x00000000f5580000)
  object space 336384K, 82% used [0x00000000e0000000,0x00000000f0dda488,0x00000000f4880000)
 Metaspace       used 97355K, capacity 102018K, committed 102184K, reserved 1138688K
  class space    used 12508K, capacity 13518K, committed 13616K, reserved 1048576K
Event: 71,092 GC heap after
Heap after GC invocations=75 (full 4):
 PSYoungGen      total 161792K, used 4724K [0x00000000f5580000, 0x00000000fff80000, 0x0000000100000000)
  eden space 150016K, 0% used [0x00000000f5580000,0x00000000f5580000,0x00000000fe800000)
  from space 11776K, 40% used [0x00000000fe800000,0x00000000fec9d098,0x00000000ff380000)
  to   space 11264K, 0% used [0x00000000ff480000,0x00000000ff480000,0x00000000fff80000)
 ParOldGen       total 336384K, used 279415K [0x00000000e0000000, 0x00000000f4880000, 0x00000000f5580000)
  object space 336384K, 83% used [0x00000000e0000000,0x00000000f10dddc0,0x00000000f4880000)
 Metaspace       used 97355K, capacity 102018K, committed 102184K, reserved 1138688K
  class space    used 12508K, capacity 13518K, committed 13616K, reserved 1048576K
}
Event: 71,546 GC heap before
{Heap before GC invocations=76 (full 4):
 PSYoungGen      total 161792K, used 154740K [0x00000000f5580000, 0x00000000fff80000, 0x0000000100000000)
  eden space 150016K, 100% used [0x00000000f5580000,0x00000000fe800000,0x00000000fe800000)
  from space 11776K, 40% used [0x00000000fe800000,0x00000000fec9d098,0x00000000ff380000)
  to   space 11264K, 0% used [0x00000000ff480000,0x00000000ff480000,0x00000000fff80000)
 ParOldGen       total 336384K, used 279415K [0x00000000e0000000, 0x00000000f4880000, 0x00000000f5580000)
  object space 336384K, 83% used [0x00000000e0000000,0x00000000f10dddc0,0x00000000f4880000)
 Metaspace       used 97360K, capacity 102022K, committed 102184K, reserved 1138688K
  class space    used 12508K, capacity 13518K, committed 13616K, reserved 1048576K
Event: 71,568 GC heap after
Heap after GC invocations=76 (full 4):
 PSYoungGen      total 161792K, used 4928K [0x00000000f5580000, 0x00000000ffe80000, 0x0000000100000000)
  eden space 151552K, 0% used [0x00000000f5580000,0x00000000f5580000,0x00000000fe980000)
  from space 10240K, 48% used [0x00000000ff480000,0x00000000ff950030,0x00000000ffe80000)
  to   space 10752K, 0% used [0x00000000fe980000,0x00000000fe980000,0x00000000ff400000)
 ParOldGen       total 336384K, used 282171K [0x00000000e0000000, 0x00000000f4880000, 0x00000000f5580000)
  object space 336384K, 83% used [0x00000000e0000000,0x00000000f138ede8,0x00000000f4880000)
 Metaspace       used 97360K, capacity 102022K, committed 102184K, reserved 1138688K
  class space    used 12508K, capacity 13518K, committed 13616K, reserved 1048576K
}
Event: 72,146 GC heap before
{Heap before GC invocations=77 (full 4):
 PSYoungGen      total 161792K, used 156480K [0x00000000f5580000, 0x00000000ffe80000, 0x0000000100000000)
  eden space 151552K, 100% used [0x00000000f5580000,0x00000000fe980000,0x00000000fe980000)
  from space 10240K, 48% used [0x00000000ff480000,0x00000000ff950030,0x00000000ffe80000)
  to   space 10752K, 0% used [0x00000000fe980000,0x00000000fe980000,0x00000000ff400000)
 ParOldGen       total 336384K, used 282171K [0x00000000e0000000, 0x00000000f4880000, 0x00000000f5580000)
  object space 336384K, 83% used [0x00000000e0000000,0x00000000f138ede8,0x00000000f4880000)
 Metaspace       used 97693K, capacity 102398K, committed 102440K, reserved 1138688K
  class space    used 12560K, capacity 13586K, committed 13616K, reserved 1048576K
Event: 72,183 GC heap after
Heap after GC invocations=77 (full 4):
 PSYoungGen      total 162304K, used 5432K [0x00000000f5580000, 0x00000000fff80000, 0x0000000100000000)
  eden space 151552K, 0% used [0x00000000f5580000,0x00000000f5580000,0x00000000fe980000)
  from space 10752K, 50% used [0x00000000fe980000,0x00000000feece278,0x00000000ff400000)
  to   space 10240K, 0% used [0x00000000ff580000,0x00000000ff580000,0x00000000fff80000)
 ParOldGen       total 336384K, used 284489K [0x00000000e0000000, 0x00000000f4880000, 0x00000000f5580000)
  object space 336384K, 84% used [0x00000000e0000000,0x00000000f15d26d0,0x00000000f4880000)
 Metaspace       used 97693K, capacity 102398K, committed 102440K, reserved 1138688K
  class space    used 12560K, capacity 13586K, committed 13616K, reserved 1048576K
}
Event: 72,731 GC heap before
{Heap before GC invocations=78 (full 4):
 PSYoungGen      total 162304K, used 156984K [0x00000000f5580000, 0x00000000fff80000, 0x0000000100000000)
  eden space 151552K, 100% used [0x00000000f5580000,0x00000000fe980000,0x00000000fe980000)
  from space 10752K, 50% used [0x00000000fe980000,0x00000000feece278,0x00000000ff400000)
  to   space 10240K, 0% used [0x00000000ff580000,0x00000000ff580000,0x00000000fff80000)
 ParOldGen       total 336384K, used 284489K [0x00000000e0000000, 0x00000000f4880000, 0x00000000f5580000)
  object space 336384K, 84% used [0x00000000e0000000,0x00000000f15d26d0,0x00000000f4880000)
 Metaspace       used 97725K, capacity 102462K, committed 102696K, reserved 1138688K
  class space    used 12560K, capacity 13586K, committed 13616K, reserved 1048576K
Event: 72,789 GC heap after
Heap after GC invocations=78 (full 4):
 PSYoungGen      total 162304K, used 9498K [0x00000000f5580000, 0x0000000100000000, 0x0000000100000000)
  eden space 152064K, 0% used [0x00000000f5580000,0x00000000f5580000,0x00000000fea00000)
  from space 10240K, 92% used [0x00000000ff580000,0x00000000ffec6ad8,0x00000000fff80000)
  to   space 11264K, 0% used [0x00000000fea00000,0x00000000fea00000,0x00000000ff500000)
 ParOldGen       total 336384K, used 289552K [0x00000000e0000000, 0x00000000f4880000, 0x00000000f5580000)
  object space 336384K, 86% used [0x00000000e0000000,0x00000000f1ac4178,0x00000000f4880000)
 Metaspace       used 97725K, capacity 102462K, committed 102696K, reserved 1138688K
  class space    used 12560K, capacity 13586K, committed 13616K, reserved 1048576K
}

